<?xml version="1.0" encoding="UTF-8"?>
<!-- Generated by org.testng.reporters.JUnitXMLReporter -->
<testsuite hostname="LAPTOP-G6RP46LV" ignored="6" name="Default test" tests="1" failures="0" timestamp="13 Mar 2019 11:49:29 GMT" time="2.324" errors="0">
  <testcase name="GetWeatherHeaders" time="2.285" classname="RestAssured2.RestAssured2.Test1"/>
  <testcase name="GetWeatherDetails" time="0.0" classname="RestAssured2.RestAssured2.Test1">
    <ignored/>
  </testcase> <!-- GetWeatherDetails -->
  <testcase name="GetStatusCodeForInValidCity" time="0.0" classname="RestAssured2.RestAssured2.Test1">
    <ignored/>
  </testcase> <!-- GetStatusCodeForInValidCity -->
  <testcase name="VerifyCityinJSONBody" time="0.0" classname="RestAssured2.RestAssured2.Test1">
    <ignored/>
  </testcase> <!-- VerifyCityinJSONBody -->
  <testcase name="GetStatusCodeForValidCity" time="0.0" classname="RestAssured2.RestAssured2.Test1">
    <ignored/>
  </testcase> <!-- GetStatusCodeForValidCity -->
  <testcase name="getBodyDetails" time="0.0" classname="RestAssured2.RestAssured2.Test1">
    <ignored/>
  </testcase> <!-- getBodyDetails -->
  <testcase name="RegisterUser" time="0.0" classname="RestAssured2.RestAssured2.Test1">
    <ignored/>
  </testcase> <!-- RegisterUser -->
</testsuite> <!-- Default test -->
