<?xml version="1.0" encoding="UTF-8"?>
<testng-results skipped="0" failed="0" ignored="6" total="7" passed="1">
  <reporter-output>
  </reporter-output>
  <suite name="Default suite" duration-ms="2324" started-at="2019-03-13T11:49:27Z" finished-at="2019-03-13T11:49:29Z">
    <groups>
    </groups>
    <test name="Default test" duration-ms="2324" started-at="2019-03-13T11:49:27Z" finished-at="2019-03-13T11:49:29Z">
      <class name="RestAssured2.RestAssured2.Test1">
        <test-method status="PASS" signature="GetWeatherHeaders()[pri:3, instance:RestAssured2.RestAssured2.Test1@1b604f19]" name="GetWeatherHeaders" duration-ms="2285" started-at="2019-03-13T11:49:27Z" finished-at="2019-03-13T11:49:29Z">
          <reporter-output>
          </reporter-output>
        </test-method> <!-- GetWeatherHeaders -->
      </class> <!-- RestAssured2.RestAssured2.Test1 -->
    </test> <!-- Default test -->
  </suite> <!-- Default suite -->
</testng-results>
